<?xml version="1.0" encoding="UTF-8"?>
<!-- Generated by org.testng.reporters.JUnitReportReporter -->
<testsuite hostname="Rupom-Rups" name="RestAssuredJava.RestAssured.DynamicJson" tests="3" failures="0" timestamp="12 Jul 2020 19:47:01 GMT" time="4.475" errors="0">
  <testcase name="addBook" time="0.244" classname="RestAssuredJava.RestAssured.DynamicJson"/>
  <testcase name="addBook" time="0.221" classname="RestAssuredJava.RestAssured.DynamicJson"/>
  <testcase name="addBook" time="4.010" classname="RestAssuredJava.RestAssured.DynamicJson"/>
</testsuite> <!-- RestAssuredJava.RestAssured.DynamicJson -->
