<?xml version="1.0" encoding="UTF-8"?>
<!-- Generated by org.testng.reporters.JUnitReportReporter -->
<testsuite hostname="Rupom-Rups" name="RestAssuredJava.RestAssured.sumvalidation" tests="1" failures="0" timestamp="12 Jul 2020 20:09:21 GMT" time="1.844" errors="0">
  <testcase name="sumOfCourses" time="1.844" classname="RestAssuredJava.RestAssured.sumvalidation"/>
</testsuite> <!-- RestAssuredJava.RestAssured.sumvalidation -->
