<?xml version="1.0" encoding="UTF-8"?>
<!-- Generated by org.testng.reporters.JUnitReportReporter -->
<testsuite hostname="Rupom-Rups" name="RestAssuredJava.RestAssured.ExcelDrivenExtended" tests="2" failures="0" timestamp="17 Jul 2020 14:56:55 GMT" time="5.307" errors="0">
  <testcase name="addBook" time="5.091" classname="RestAssuredJava.RestAssured.ExcelDrivenExtended"/>
  <testcase name="deleteBook" time="0.216" classname="RestAssuredJava.RestAssured.ExcelDrivenExtended"/>
</testsuite> <!-- RestAssuredJava.RestAssured.ExcelDrivenExtended -->
