<?xml version="1.0" encoding="UTF-8"?>
<!-- Generated by org.testng.reporters.JUnitReportReporter -->
<testsuite hostname="Rupom-Rups" name="RestAssuredJava.RestAssured.sumvalidation" tests="1" failures="0" timestamp="16 Jul 2020 09:50:34 GMT" time="2.168" errors="0">
  <testcase name="sumOfCourses" time="2.168" classname="RestAssuredJava.RestAssured.sumvalidation"/>
</testsuite> <!-- RestAssuredJava.RestAssured.sumvalidation -->
