<?xml version="1.0" encoding="UTF-8"?>
<!-- Generated by org.testng.reporters.JUnitReportReporter -->
<testsuite hostname="Rupom-Rups" name="RestAssuredJava.RestAssured.DynamicJson" tests="6" failures="0" timestamp="17 Jul 2020 14:56:07 GMT" time="4.853" errors="0">
  <testcase name="deleteBook" time="0.132" classname="RestAssuredJava.RestAssured.DynamicJson"/>
  <testcase name="deleteBook" time="0.159" classname="RestAssuredJava.RestAssured.DynamicJson"/>
  <testcase name="deleteBook" time="0.182" classname="RestAssuredJava.RestAssured.DynamicJson"/>
  <testcase name="addBook" time="0.194" classname="RestAssuredJava.RestAssured.DynamicJson"/>
  <testcase name="addBook" time="4.028" classname="RestAssuredJava.RestAssured.DynamicJson"/>
  <testcase name="addBook" time="0.158" classname="RestAssuredJava.RestAssured.DynamicJson"/>
</testsuite> <!-- RestAssuredJava.RestAssured.DynamicJson -->
